Started by user [8mha:////4KHxsa6yFVI9MJsKnPh7OpCPzIwlV1Y9P5tARnWGgpwaAAAAnR+LCAAAAAAAAP9b85aBtbiIQTGjNKU4P08vOT+vOD8nVc83PyU1x6OyILUoJzMv2y+/JJUBAhiZGBgqihhk0NSjKDWzXb3RdlLBUSYGJk8GtpzUvPSSDB8G5tKinBIGIZ+sxLJE/ZzEvHT94JKizLx0a6BxUmjGOUNodHsLgAzuEgZB/dLi1CL94tRy3azUvOzMvGIAGCjPpcYAAAA=[0mSew Jenkins
Building in workspace /var/jenkins_home/workspace/sew-4-bruch
[sew-4-bruch] $ /bin/sh -xe /tmp/jenkins8738529906039848713.sh
+ nosetests3 --with-xunit --all-modules --traverse-namespace --with-coverage --cover-inclusive ./src/test
E
======================================================================
ERROR: Failure: OSError (No such file /var/jenkins_home/workspace/sew-4-bruch/src/test)
----------------------------------------------------------------------
Traceback (most recent call last):
  File "/usr/lib/python3/dist-packages/nose/failure.py", line 42, in runTest
    raise self.exc_class(self.exc_val)
OSError: No such file /var/jenkins_home/workspace/sew-4-bruch/src/test

Name                                                           Stmts   Miss  Cover   Missing
--------------------------------------------------------------------------------------------
/usr/lib/python3/dist-packages/nose/case.py                      205    152    26%   5-28, 31, 36, 45, 48, 51, 54-57, 62-63, 67, 72-73, 77-83, 88-99, 106-116, 135-139, 143, 151, 154, 157, 175-178, 181-185, 189-398
/usr/lib/python3/dist-packages/nose/core.py                      169    146    14%   5-32, 35, 40, 46, 52, 57, 63-64, 67-181, 191, 195, 206, 208-341
/usr/lib/python3/dist-packages/nose/failure.py                    25     16    36%   1-21, 29, 33-36, 38-40
/usr/lib/python3/dist-packages/nose/importer.py                  101     85    16%   7-29, 31, 34-136, 145, 150, 159-160, 164-167
/usr/lib/python3/dist-packages/nose/loader.py                    348    314    10%   11-60, 81, 88-89, 102-361, 376, 389-401, 405-431, 437-445, 454, 457, 465-469, 477, 483-622
/usr/lib/python3/dist-packages/nose/plugins/base.py              195    191     2%   1-92, 99, 104-724
/usr/lib/python3/dist-packages/nose/plugins/capture.py            56     41    27%   12-55, 61, 66, 71, 81-95, 100, 104-110, 114
/usr/lib/python3/dist-packages/nose/plugins/cover.py             153    149     3%   13-159, 165-168, 174-178, 184-271
/usr/lib/python3/dist-packages/nose/plugins/debug.py              31     27    13%   7-37, 45-67
/usr/lib/python3/dist-packages/nose/plugins/deprecated.py         16     12    25%   9-37, 41, 45
/usr/lib/python3/dist-packages/nose/plugins/doctests.py          220    212     4%   52-185, 196-452
/usr/lib/python3/dist-packages/nose/plugins/errorclass.py         64     54    16%   95-138, 141, 144-146, 148, 155-209
/usr/lib/python3/dist-packages/nose/plugins/failuredetail.py      20     17    15%   9-30, 34, 38-48
/usr/lib/python3/dist-packages/nose/plugins/isolate.py            34     32     6%   38-58, 64-102
/usr/lib/python3/dist-packages/nose/plugins/logcapture.py        126     97    23%   18-33, 37, 43, 45-75, 81-85, 87-176, 180-186, 201, 206, 211-214, 219, 224-229, 236-239, 242-243
/usr/lib/python3/dist-packages/nose/plugins/manager.py           265    215    19%   51-87, 90-91, 98, 101, 109-110, 113, 130, 146, 150-163, 169-171, 179-183, 187-248, 256-259, 267, 276-284, 286-294, 297-300, 304-364, 368-460
/usr/lib/python3/dist-packages/nose/plugins/multiprocess.py      490    480     2%   96-219, 228-229, 232, 236-237, 239-835
/usr/lib/python3/dist-packages/nose/plugins/prof.py               93     89     4%   13-56, 58-68, 74-154
/usr/lib/python3/dist-packages/nose/plugins/skip.py               22     18    18%   9-53, 58, 62
/usr/lib/python3/dist-packages/nose/plugins/testid.py            135    123     9%   95-134, 139-141, 157-311
/usr/lib/python3/dist-packages/nose/plugins/xunit.py             164     94    43%   42-62, 66, 70, 73-75, 79, 91, 97, 100-102, 107, 111-117, 121-122, 126-156, 163, 166, 171-189, 203, 225-228, 235, 238, 241, 246, 250, 255-259, 263, 267, 271, 275, 281-282, 305-333
/usr/lib/python3/dist-packages/nose/proxy.py                     108     66    39%   18-29, 31-42, 44, 49, 61, 63, 67-77, 79, 85-88, 94-95, 98, 109, 113-115, 119-121, 126, 134-167, 172-175, 181-187
/usr/lib/python3/dist-packages/nose/pyversion.py                 132    126     5%   4-30, 35-69, 75-174, 177-199, 207-211
/usr/lib/python3/dist-packages/nose/result.py                    131     98    25%   11-36, 42, 46-54, 62-64, 70-74, 80, 84-86, 91-96, 100, 107, 112-153, 160-180, 184, 188-198
/usr/lib/python3/dist-packages/nose/selector.py                  134    112    16%   9-34, 36, 39, 47-217, 219, 226-227, 239, 242-246
/usr/lib/python3/dist-packages/nose/suite.py                     396    238    40%   12-50, 56-68, 72-79, 83-94, 100-103, 107, 111-112, 117-147, 153, 161-173, 177, 180-198, 208, 211-216, 220-221, 230-269, 273-274, 276-277, 280, 295-297, 301, 306, 318-323, 326-329, 333-334, 344-345, 354-356, 360, 372, 377-394, 396, 399, 410, 426-427, 430, 438, 443, 445, 448-451, 457, 459, 465, 468-469, 474, 489-539, 542-543, 550, 558-607
/usr/lib/python3/dist-packages/nose/util.py                      351    310    12%   3-135, 146-159, 168-171, 187-194, 198-233, 266-297, 314-317, 326, 345-441, 451-469, 474, 480, 482, 485, 489-509, 522-669
--------------------------------------------------------------------------------------------
TOTAL                                                           4184   3514    16%
----------------------------------------------------------------------
Ran 1 test in 0.017s

FAILED (errors=1)
Build step 'Execute shell' marked build as failure
Finished: FAILURE
